  CAngle.cpp
  CApplication.cpp
  CBillBoard.cpp
  CCamera.cpp
  CCharacter3.cpp
  CCollider.cpp
  CColliderLine.cpp
  CColliderMesh.cpp
  CColliderTriangle.cpp
  CCollisionManager.cpp
  CEffect.cpp
  CGround.cpp
  CFont.cpp
  CMaterial.cpp
  CMatrix.cpp
  CModel.cpp
C:\Users\shiori_0620\Documents\aaa\Game_2024\GameProgramming\src\CMatrix.cpp(53,12): warning C4244: '初期化中': 'double' から 'float' への変換です。データが失われる可能性があります。
C:\Users\shiori_0620\Documents\aaa\Game_2024\GameProgramming\src\CMatrix.cpp(61,12): warning C4244: '初期化中': 'double' から 'float' への変換です。データが失われる可能性があります。
C:\Users\shiori_0620\Documents\aaa\Game_2024\GameProgramming\src\CMatrix.cpp(70,12): warning C4244: '初期化中': 'double' から 'float' への変換です。データが失われる可能性があります。
C:\Users\shiori_0620\Documents\aaa\Game_2024\GameProgramming\src\CModel.cpp(10,20): warning C4018: '<': signed と unsigned の数値を比較しようとしました。
C:\Users\shiori_0620\Documents\aaa\Game_2024\GameProgramming\src\CModel.cpp(12,21): warning C4018: '<': signed と unsigned の数値を比較しようとしました。
C:\Users\shiori_0620\Documents\aaa\Game_2024\GameProgramming\src\CModel.cpp(147,20): warning C4018: '<': signed と unsigned の数値を比較しようとしました。
C:\Users\shiori_0620\Documents\aaa\Game_2024\GameProgramming\src\CModel.cpp(156,20): warning C4018: '<': signed と unsigned の数値を比較しようとしました。
  CPlayer.cpp
C:\Users\shiori_0620\Documents\aaa\Game_2024\GameProgramming\src\CPlayer.cpp(7,9): warning C4005: 'VELOCITY': マクロが再定義されました。
  CRectangle.cpp
  CSound.cpp
  CTaskManager.cpp
  コードを生成中...
  コンパイル中...
  CTexture.cpp
  CInput.cpp
  CTransform.cpp
  CTriangle.cpp
  CUi.cpp
  CVector.cpp
  main.cpp
  コードを生成中...
LINK : warning LNK4098: defaultlib 'MSVCRT' は他のライブラリの使用と競合しています。/NODEFAULTLIB:library を使用してください。
LINK : warning LNK4098: defaultlib 'LIBCMT' は他のライブラリの使用と競合しています。/NODEFAULTLIB:library を使用してください。
  GameProgramming.vcxproj -> C:\Users\shiori_0620\Documents\aaa\Game_2024\Debug\GameProgramming.exe
