c:\users\shiori_0620\documents\aaa\aaaa\gameprogramming\debug\vc143.pdb
c:\users\shiori_0620\documents\aaa\aaaa\gameprogramming\debug\vc143.idb
c:\users\shiori_0620\documents\aaa\aaaa\gameprogramming\debug\ctaskmanager.obj
c:\users\shiori_0620\documents\aaa\aaaa\gameprogramming\debug\csound.obj
c:\users\shiori_0620\documents\aaa\aaaa\gameprogramming\debug\crectangle.obj
c:\users\shiori_0620\documents\aaa\aaaa\gameprogramming\debug\cplayer.obj
c:\users\shiori_0620\documents\aaa\aaaa\gameprogramming\debug\cmodel.obj
c:\users\shiori_0620\documents\aaa\aaaa\gameprogramming\debug\cmatrix.obj
c:\users\shiori_0620\documents\aaa\aaaa\gameprogramming\debug\cmaterial.obj
c:\users\shiori_0620\documents\aaa\aaaa\gameprogramming\debug\cfont.obj
c:\users\shiori_0620\documents\aaa\aaaa\gameprogramming\debug\cground.obj
c:\users\shiori_0620\documents\aaa\aaaa\gameprogramming\debug\ceffect.obj
c:\users\shiori_0620\documents\aaa\aaaa\gameprogramming\debug\ccollisionmanager.obj
c:\users\shiori_0620\documents\aaa\aaaa\gameprogramming\debug\ccollidertriangle.obj
c:\users\shiori_0620\documents\aaa\aaaa\gameprogramming\debug\ccollidermesh.obj
c:\users\shiori_0620\documents\aaa\aaaa\gameprogramming\debug\ccolliderline.obj
c:\users\shiori_0620\documents\aaa\aaaa\gameprogramming\debug\ccollider.obj
c:\users\shiori_0620\documents\aaa\aaaa\gameprogramming\debug\ccharacter3.obj
c:\users\shiori_0620\documents\aaa\aaaa\gameprogramming\debug\ccamera.obj
c:\users\shiori_0620\documents\aaa\aaaa\gameprogramming\debug\cbillboard.obj
c:\users\shiori_0620\documents\aaa\aaaa\gameprogramming\debug\capplication.obj
c:\users\shiori_0620\documents\aaa\aaaa\gameprogramming\debug\cangle.obj
c:\users\shiori_0620\documents\aaa\aaaa\gameprogramming\debug\main.obj
c:\users\shiori_0620\documents\aaa\aaaa\gameprogramming\debug\cvector.obj
c:\users\shiori_0620\documents\aaa\aaaa\gameprogramming\debug\cui.obj
c:\users\shiori_0620\documents\aaa\aaaa\gameprogramming\debug\ctriangle.obj
c:\users\shiori_0620\documents\aaa\aaaa\gameprogramming\debug\ctransform.obj
c:\users\shiori_0620\documents\aaa\aaaa\gameprogramming\debug\cinput.obj
c:\users\shiori_0620\documents\aaa\aaaa\gameprogramming\debug\ctexture.obj
c:\users\shiori_0620\documents\aaa\aaaa\debug\gameprogramming.exe
c:\users\shiori_0620\documents\aaa\aaaa\debug\gameprogramming.pdb
c:\users\shiori_0620\documents\aaa\aaaa\gameprogramming\debug\gameprogramming.ilk
c:\users\shiori_0620\documents\aaa\aaaa\gameprogramming\debug\gameprogramming.tlog\cl.command.1.tlog
c:\users\shiori_0620\documents\aaa\aaaa\gameprogramming\debug\gameprogramming.tlog\cl.items.tlog
c:\users\shiori_0620\documents\aaa\aaaa\gameprogramming\debug\gameprogramming.tlog\cl.read.1.tlog
c:\users\shiori_0620\documents\aaa\aaaa\gameprogramming\debug\gameprogramming.tlog\cl.write.1.tlog
c:\users\shiori_0620\documents\aaa\aaaa\gameprogramming\debug\gameprogramming.tlog\link.command.1.tlog
c:\users\shiori_0620\documents\aaa\aaaa\gameprogramming\debug\gameprogramming.tlog\link.read.1.tlog
c:\users\shiori_0620\documents\aaa\aaaa\gameprogramming\debug\gameprogramming.tlog\link.secondary.1.tlog
c:\users\shiori_0620\documents\aaa\aaaa\gameprogramming\debug\gameprogramming.tlog\link.write.1.tlog
